<?xml version="1.0" encoding="utf-8"?>
<CoverageSession xmlns:xsd="http://www.w3.org/2001/XMLSchema" xmlns:xsi="http://www.w3.org/2001/XMLSchema-instance" Version="4.7.922.0">
  <Summary numSequencePoints="193" visitedSequencePoints="105" numBranchPoints="10" visitedBranchPoints="10" sequenceCoverage="54.40" branchCoverage="100" maxCyclomaticComplexity="1" minCyclomaticComplexity="1" maxCrapScore="2" minCrapScore="1.00" visitedClasses="1" numClasses="1" visitedMethods="10" numMethods="10" />
  <Modules>
    <Module hash="0B-04-59-F5-DF-19-9E-93-BC-C8-89-0F-41-CB-08-8B-6A-D1-15-97">
      <Summary numSequencePoints="193" visitedSequencePoints="105" numBranchPoints="10" visitedBranchPoints="10" sequenceCoverage="54.40" branchCoverage="100" maxCyclomaticComplexity="1" minCyclomaticComplexity="1" maxCrapScore="2" minCrapScore="1.00" visitedClasses="1" numClasses="1" visitedMethods="10" numMethods="10" />
      <ModulePath>C:\Users\Miguel de Juan Urien\Documents\VyP\FamilyTree\FamilyTreeTest\bin\Debug\fine-code-coverage\build-output\FamilyTreeTest.dll</ModulePath>
      <ModuleTime>2024-12-02T00:26:36.4185138Z</ModuleTime>
      <ModuleName>FamilyTreeTest</ModuleName>
      <Files>
        <File uid="1" fullPath="C:\Users\Miguel de Juan Urien\Documents\VyP\FamilyTree\FamilyTreeTest\PersonaTest.cs" />
      </Files>
      <Classes>
        <Class>
          <Summary numSequencePoints="193" visitedSequencePoints="105" numBranchPoints="10" visitedBranchPoints="10" sequenceCoverage="54.40" branchCoverage="100" maxCyclomaticComplexity="1" minCyclomaticComplexity="1" maxCrapScore="2" minCrapScore="1.00" visitedClasses="1" numClasses="1" visitedMethods="10" numMethods="10" />
          <FullName>FamilyTreeTest.PersonaTest</FullName>
          <Methods>
            <Method visited="true" cyclomaticComplexity="1" nPathComplexity="0" sequenceCoverage="61.82" branchCoverage="100" crapScore="1.06" isConstructor="false" isStatic="false" isGetter="false" isSetter="false">
              <Summary numSequencePoints="55" visitedSequencePoints="34" numBranchPoints="1" visitedBranchPoints="1" sequenceCoverage="61.82" branchCoverage="100" maxCyclomaticComplexity="1" minCyclomaticComplexity="1" maxCrapScore="1.06" minCrapScore="1.06" visitedClasses="0" numClasses="0" visitedMethods="1" numMethods="1" />
              <MetadataToken>100663297</MetadataToken>
              <Name>System.Void FamilyTreeTest.PersonaTest::TestPersona()</Name>
              <FileRef uid="1" />
              <SequencePoints>
                <SequencePoint vc="1" uspid="1" ordinal="0" offset="0" sl="13" sc="9" el="13" ec="10" bec="0" bev="0" fileid="1" />
                <SequencePoint vc="1" uspid="2" ordinal="1" offset="1" sl="15" sc="13" el="16" ec="91" bec="0" bev="0" fileid="1" />
                <SequencePoint vc="1" uspid="3" ordinal="2" offset="60" sl="19" sc="13" el="19" ec="31" bec="0" bev="0" fileid="1" />
                <SequencePoint vc="1" uspid="4" ordinal="3" offset="67" sl="20" sc="13" el="20" ec="38" bec="0" bev="0" fileid="1" />
                <SequencePoint vc="1" uspid="5" ordinal="4" offset="75" sl="22" sc="13" el="22" ec="42" bec="0" bev="0" fileid="1" />
                <SequencePoint vc="1" uspid="6" ordinal="5" offset="82" sl="23" sc="13" el="23" ec="48" bec="0" bev="0" fileid="1" />
                <SequencePoint vc="1" uspid="7" ordinal="6" offset="94" sl="25" sc="13" el="25" ec="38" bec="0" bev="0" fileid="1" />
                <SequencePoint vc="1" uspid="8" ordinal="7" offset="101" sl="26" sc="13" el="26" ec="50" bec="0" bev="0" fileid="1" />
                <SequencePoint vc="1" uspid="9" ordinal="8" offset="113" sl="28" sc="13" el="28" ec="38" bec="0" bev="0" fileid="1" />
                <SequencePoint vc="1" uspid="10" ordinal="9" offset="120" sl="29" sc="13" el="29" ec="46" bec="0" bev="0" fileid="1" />
                <SequencePoint vc="1" uspid="11" ordinal="10" offset="132" sl="31" sc="13" el="31" ec="52" bec="0" bev="0" fileid="1" />
                <SequencePoint vc="1" uspid="12" ordinal="11" offset="139" sl="32" sc="13" el="32" ec="63" bec="0" bev="0" fileid="1" />
                <SequencePoint vc="1" uspid="13" ordinal="12" offset="159" sl="34" sc="13" el="34" ec="45" bec="0" bev="0" fileid="1" />
                <SequencePoint vc="1" uspid="14" ordinal="13" offset="166" sl="35" sc="13" el="35" ec="47" bec="0" bev="0" fileid="1" />
                <SequencePoint vc="1" uspid="15" ordinal="14" offset="178" sl="37" sc="13" el="37" ec="48" bec="0" bev="0" fileid="1" />
                <SequencePoint vc="1" uspid="16" ordinal="15" offset="185" sl="38" sc="13" el="38" ec="47" bec="0" bev="0" fileid="1" />
                <SequencePoint vc="1" uspid="17" ordinal="16" offset="197" sl="40" sc="13" el="40" ec="37" bec="0" bev="0" fileid="1" />
                <SequencePoint vc="1" uspid="18" ordinal="17" offset="204" sl="41" sc="13" el="41" ec="43" bec="0" bev="0" fileid="1" />
                <SequencePoint vc="1" uspid="19" ordinal="18" offset="216" sl="43" sc="13" el="43" ec="34" bec="0" bev="0" fileid="1" />
                <SequencePoint vc="1" uspid="20" ordinal="19" offset="223" sl="44" sc="13" el="44" ec="47" bec="0" bev="0" fileid="1" />
                <SequencePoint vc="1" uspid="21" ordinal="20" offset="235" sl="46" sc="13" el="46" ec="35" bec="0" bev="0" fileid="1" />
                <SequencePoint vc="1" uspid="22" ordinal="21" offset="242" sl="47" sc="13" el="47" ec="44" bec="0" bev="0" fileid="1" />
                <SequencePoint vc="1" uspid="23" ordinal="22" offset="254" sl="49" sc="13" el="49" ec="56" bec="0" bev="0" fileid="1" />
                <SequencePoint vc="1" uspid="24" ordinal="23" offset="261" sl="50" sc="13" el="50" ec="59" bec="0" bev="0" fileid="1" />
                <SequencePoint vc="1" uspid="25" ordinal="24" offset="273" sl="52" sc="13" el="52" ec="41" bec="0" bev="0" fileid="1" />
                <SequencePoint vc="1" uspid="26" ordinal="25" offset="281" sl="53" sc="13" el="53" ec="34" bec="0" bev="0" fileid="1" />
                <SequencePoint vc="1" uspid="27" ordinal="26" offset="289" sl="55" sc="13" el="55" ec="41" bec="0" bev="0" fileid="1" />
                <SequencePoint vc="1" uspid="28" ordinal="27" offset="297" sl="56" sc="13" el="56" ec="34" bec="0" bev="0" fileid="1" />
                <SequencePoint vc="1" uspid="29" ordinal="28" offset="305" sl="58" sc="13" el="58" ec="51" bec="0" bev="0" fileid="1" />
                <SequencePoint vc="1" uspid="30" ordinal="29" offset="313" sl="59" sc="13" el="59" ec="44" bec="0" bev="0" fileid="1" />
                <SequencePoint vc="1" uspid="31" ordinal="30" offset="327" sl="62" sc="13" el="63" ec="85" bec="0" bev="0" fileid="1" />
                <SequencePoint vc="1" uspid="32" ordinal="31" offset="383" sl="64" sc="13" el="65" ec="96" bec="0" bev="0" fileid="1" />
                <SequencePoint vc="1" uspid="33" ordinal="32" offset="444" sl="67" sc="13" el="67" ec="37" bec="0" bev="0" fileid="1" />
                <SequencePoint vc="1" uspid="34" ordinal="33" offset="453" sl="68" sc="13" el="68" ec="44" bec="0" bev="0" fileid="1" />
                <SequencePoint vc="0" uspid="35" ordinal="34" offset="467" sl="70" sc="13" el="70" ec="57" bec="0" bev="0" fileid="1" />
                <SequencePoint vc="0" uspid="36" ordinal="35" offset="482" sl="71" sc="13" el="71" ec="48" bec="0" bev="0" fileid="1" />
                <SequencePoint vc="0" uspid="37" ordinal="36" offset="492" sl="74" sc="13" el="75" ec="102" bec="0" bev="0" fileid="1" />
                <SequencePoint vc="0" uspid="38" ordinal="37" offset="553" sl="76" sc="13" el="76" ec="31" bec="0" bev="0" fileid="1" />
                <SequencePoint vc="0" uspid="39" ordinal="38" offset="561" sl="79" sc="13" el="80" ec="101" bec="0" bev="0" fileid="1" />
                <SequencePoint vc="0" uspid="40" ordinal="39" offset="622" sl="81" sc="13" el="81" ec="31" bec="0" bev="0" fileid="1" />
                <SequencePoint vc="0" uspid="41" ordinal="40" offset="630" sl="84" sc="13" el="85" ec="94" bec="0" bev="0" fileid="1" />
                <SequencePoint vc="0" uspid="42" ordinal="41" offset="690" sl="86" sc="13" el="86" ec="41" bec="0" bev="0" fileid="1" />
                <SequencePoint vc="0" uspid="43" ordinal="42" offset="699" sl="87" sc="13" el="87" ec="48" bec="0" bev="0" fileid="1" />
                <SequencePoint vc="0" uspid="44" ordinal="43" offset="708" sl="88" sc="13" el="88" ec="41" bec="0" bev="0" fileid="1" />
                <SequencePoint vc="0" uspid="45" ordinal="44" offset="717" sl="89" sc="13" el="89" ec="42" bec="0" bev="0" fileid="1" />
                <SequencePoint vc="0" uspid="46" ordinal="45" offset="725" sl="92" sc="13" el="93" ec="100" bec="0" bev="0" fileid="1" />
                <SequencePoint vc="0" uspid="47" ordinal="46" offset="786" sl="94" sc="13" el="94" ec="41" bec="0" bev="0" fileid="1" />
                <SequencePoint vc="0" uspid="48" ordinal="47" offset="795" sl="95" sc="13" el="95" ec="48" bec="0" bev="0" fileid="1" />
                <SequencePoint vc="0" uspid="49" ordinal="48" offset="805" sl="96" sc="13" el="96" ec="41" bec="0" bev="0" fileid="1" />
                <SequencePoint vc="0" uspid="50" ordinal="49" offset="814" sl="97" sc="13" el="97" ec="42" bec="0" bev="0" fileid="1" />
                <SequencePoint vc="0" uspid="51" ordinal="50" offset="822" sl="100" sc="13" el="101" ec="78" bec="0" bev="0" fileid="1" />
                <SequencePoint vc="0" uspid="52" ordinal="51" offset="878" sl="102" sc="13" el="102" ec="34" bec="0" bev="0" fileid="1" />
                <SequencePoint vc="0" uspid="53" ordinal="52" offset="886" sl="103" sc="13" el="103" ec="38" bec="0" bev="0" fileid="1" />
                <SequencePoint vc="0" uspid="54" ordinal="53" offset="894" sl="104" sc="13" el="104" ec="35" bec="0" bev="0" fileid="1" />
                <SequencePoint vc="0" uspid="55" ordinal="54" offset="901" sl="105" sc="9" el="105" ec="10" bec="0" bev="0" fileid="1" />
              </SequencePoints>
              <BranchPoints />
              <MethodPoint xsi:type="SequencePoint" vc="1" uspid="1" ordinal="0" offset="0" sl="13" sc="9" el="13" ec="10" bec="0" bev="0" fileid="1" />
            </Method>
            <Method visited="true" cyclomaticComplexity="1" nPathComplexity="0" sequenceCoverage="32" branchCoverage="100" crapScore="1.31" isConstructor="false" isStatic="false" isGetter="false" isSetter="false">
              <Summary numSequencePoints="25" visitedSequencePoints="8" numBranchPoints="1" visitedBranchPoints="1" sequenceCoverage="32" branchCoverage="100" maxCyclomaticComplexity="1" minCyclomaticComplexity="1" maxCrapScore="1.31" minCrapScore="1.31" visitedClasses="0" numClasses="0" visitedMethods="1" numMethods="1" />
              <MetadataToken>100663298</MetadataToken>
              <Name>System.Void FamilyTreeTest.PersonaTest::AsignarPadreTest()</Name>
              <FileRef uid="1" />
              <SequencePoints>
                <SequencePoint vc="1" uspid="56" ordinal="0" offset="0" sl="110" sc="9" el="110" ec="10" bec="0" bev="0" fileid="1" />
                <SequencePoint vc="1" uspid="57" ordinal="1" offset="1" sl="112" sc="13" el="113" ec="97" bec="0" bev="0" fileid="1" />
                <SequencePoint vc="1" uspid="58" ordinal="2" offset="61" sl="114" sc="13" el="115" ec="95" bec="0" bev="0" fileid="1" />
                <SequencePoint vc="1" uspid="59" ordinal="3" offset="121" sl="116" sc="13" el="116" ec="56" bec="0" bev="0" fileid="1" />
                <SequencePoint vc="1" uspid="60" ordinal="4" offset="129" sl="117" sc="13" el="117" ec="39" bec="0" bev="0" fileid="1" />
                <SequencePoint vc="1" uspid="61" ordinal="5" offset="136" sl="118" sc="13" el="118" ec="40" bec="0" bev="0" fileid="1" />
                <SequencePoint vc="1" uspid="62" ordinal="6" offset="143" sl="119" sc="13" el="119" ec="44" bec="0" bev="0" fileid="1" />
                <SequencePoint vc="1" uspid="63" ordinal="7" offset="151" sl="120" sc="13" el="120" ec="63" bec="0" bev="0" fileid="1" />
                <SequencePoint vc="0" uspid="64" ordinal="8" offset="169" sl="123" sc="13" el="124" ec="97" bec="0" bev="0" fileid="1" />
                <SequencePoint vc="0" uspid="65" ordinal="9" offset="229" sl="125" sc="13" el="125" ec="33" bec="0" bev="0" fileid="1" />
                <SequencePoint vc="0" uspid="66" ordinal="10" offset="232" sl="126" sc="13" el="126" ec="50" bec="0" bev="0" fileid="1" />
                <SequencePoint vc="0" uspid="67" ordinal="11" offset="241" sl="127" sc="13" el="127" ec="40" bec="0" bev="0" fileid="1" />
                <SequencePoint vc="0" uspid="68" ordinal="12" offset="248" sl="128" sc="13" el="128" ec="42" bec="0" bev="0" fileid="1" />
                <SequencePoint vc="0" uspid="69" ordinal="13" offset="260" sl="129" sc="13" el="129" ec="64" bec="0" bev="0" fileid="1" />
                <SequencePoint vc="0" uspid="70" ordinal="14" offset="278" sl="132" sc="13" el="133" ec="95" bec="0" bev="0" fileid="1" />
                <SequencePoint vc="0" uspid="71" ordinal="15" offset="339" sl="134" sc="13" el="134" ec="56" bec="0" bev="0" fileid="1" />
                <SequencePoint vc="0" uspid="72" ordinal="16" offset="348" sl="135" sc="13" el="135" ec="40" bec="0" bev="0" fileid="1" />
                <SequencePoint vc="0" uspid="73" ordinal="17" offset="355" sl="136" sc="13" el="136" ec="42" bec="0" bev="0" fileid="1" />
                <SequencePoint vc="0" uspid="74" ordinal="18" offset="367" sl="137" sc="13" el="137" ec="64" bec="0" bev="0" fileid="1" />
                <SequencePoint vc="0" uspid="75" ordinal="19" offset="385" sl="140" sc="13" el="141" ec="95" bec="0" bev="0" fileid="1" />
                <SequencePoint vc="0" uspid="76" ordinal="20" offset="446" sl="142" sc="13" el="142" ec="56" bec="0" bev="0" fileid="1" />
                <SequencePoint vc="0" uspid="77" ordinal="21" offset="455" sl="143" sc="13" el="143" ec="40" bec="0" bev="0" fileid="1" />
                <SequencePoint vc="0" uspid="78" ordinal="22" offset="462" sl="144" sc="13" el="144" ec="42" bec="0" bev="0" fileid="1" />
                <SequencePoint vc="0" uspid="79" ordinal="23" offset="474" sl="145" sc="13" el="145" ec="64" bec="0" bev="0" fileid="1" />
                <SequencePoint vc="0" uspid="80" ordinal="24" offset="492" sl="146" sc="9" el="146" ec="10" bec="0" bev="0" fileid="1" />
              </SequencePoints>
              <BranchPoints />
              <MethodPoint xsi:type="SequencePoint" vc="1" uspid="56" ordinal="0" offset="0" sl="110" sc="9" el="110" ec="10" bec="0" bev="0" fileid="1" />
            </Method>
            <Method visited="true" cyclomaticComplexity="1" nPathComplexity="0" sequenceCoverage="88" branchCoverage="100" crapScore="1.00" isConstructor="false" isStatic="false" isGetter="false" isSetter="false">
              <Summary numSequencePoints="25" visitedSequencePoints="22" numBranchPoints="1" visitedBranchPoints="1" sequenceCoverage="88" branchCoverage="100" maxCyclomaticComplexity="1" minCyclomaticComplexity="1" maxCrapScore="1.00" minCrapScore="1.00" visitedClasses="0" numClasses="0" visitedMethods="1" numMethods="1" />
              <MetadataToken>100663299</MetadataToken>
              <Name>System.Void FamilyTreeTest.PersonaTest::AsignarMadreTest()</Name>
              <FileRef uid="1" />
              <SequencePoints>
                <SequencePoint vc="1" uspid="81" ordinal="0" offset="0" sl="150" sc="9" el="150" ec="10" bec="0" bev="0" fileid="1" />
                <SequencePoint vc="1" uspid="82" ordinal="1" offset="1" sl="152" sc="13" el="153" ec="96" bec="0" bev="0" fileid="1" />
                <SequencePoint vc="1" uspid="83" ordinal="2" offset="61" sl="154" sc="13" el="155" ec="101" bec="0" bev="0" fileid="1" />
                <SequencePoint vc="1" uspid="84" ordinal="3" offset="121" sl="156" sc="13" el="156" ec="56" bec="0" bev="0" fileid="1" />
                <SequencePoint vc="1" uspid="85" ordinal="4" offset="129" sl="157" sc="13" el="157" ec="39" bec="0" bev="0" fileid="1" />
                <SequencePoint vc="1" uspid="86" ordinal="5" offset="136" sl="158" sc="13" el="158" ec="40" bec="0" bev="0" fileid="1" />
                <SequencePoint vc="1" uspid="87" ordinal="6" offset="143" sl="159" sc="13" el="159" ec="44" bec="0" bev="0" fileid="1" />
                <SequencePoint vc="1" uspid="88" ordinal="7" offset="151" sl="160" sc="13" el="160" ec="63" bec="0" bev="0" fileid="1" />
                <SequencePoint vc="1" uspid="89" ordinal="8" offset="169" sl="163" sc="13" el="164" ec="97" bec="0" bev="0" fileid="1" />
                <SequencePoint vc="1" uspid="90" ordinal="9" offset="229" sl="165" sc="13" el="165" ec="33" bec="0" bev="0" fileid="1" />
                <SequencePoint vc="1" uspid="91" ordinal="10" offset="232" sl="166" sc="13" el="166" ec="50" bec="0" bev="0" fileid="1" />
                <SequencePoint vc="1" uspid="92" ordinal="11" offset="241" sl="167" sc="13" el="167" ec="40" bec="0" bev="0" fileid="1" />
                <SequencePoint vc="1" uspid="93" ordinal="12" offset="248" sl="168" sc="13" el="168" ec="42" bec="0" bev="0" fileid="1" />
                <SequencePoint vc="1" uspid="94" ordinal="13" offset="260" sl="169" sc="13" el="169" ec="64" bec="0" bev="0" fileid="1" />
                <SequencePoint vc="1" uspid="95" ordinal="14" offset="278" sl="172" sc="13" el="173" ec="97" bec="0" bev="0" fileid="1" />
                <SequencePoint vc="1" uspid="96" ordinal="15" offset="339" sl="174" sc="13" el="174" ec="56" bec="0" bev="0" fileid="1" />
                <SequencePoint vc="1" uspid="97" ordinal="16" offset="348" sl="175" sc="13" el="175" ec="40" bec="0" bev="0" fileid="1" />
                <SequencePoint vc="1" uspid="98" ordinal="17" offset="355" sl="176" sc="13" el="176" ec="42" bec="0" bev="0" fileid="1" />
                <SequencePoint vc="1" uspid="99" ordinal="18" offset="367" sl="177" sc="13" el="177" ec="64" bec="0" bev="0" fileid="1" />
                <SequencePoint vc="1" uspid="100" ordinal="19" offset="385" sl="180" sc="13" el="181" ec="97" bec="0" bev="0" fileid="1" />
                <SequencePoint vc="1" uspid="101" ordinal="20" offset="446" sl="182" sc="13" el="182" ec="56" bec="0" bev="0" fileid="1" />
                <SequencePoint vc="1" uspid="102" ordinal="21" offset="455" sl="183" sc="13" el="183" ec="40" bec="0" bev="0" fileid="1" />
                <SequencePoint vc="0" uspid="103" ordinal="22" offset="462" sl="184" sc="13" el="184" ec="42" bec="0" bev="0" fileid="1" />
                <SequencePoint vc="0" uspid="104" ordinal="23" offset="474" sl="185" sc="13" el="185" ec="64" bec="0" bev="0" fileid="1" />
                <SequencePoint vc="0" uspid="105" ordinal="24" offset="492" sl="186" sc="9" el="186" ec="10" bec="0" bev="0" fileid="1" />
              </SequencePoints>
              <BranchPoints />
              <MethodPoint xsi:type="SequencePoint" vc="1" uspid="81" ordinal="0" offset="0" sl="150" sc="9" el="150" ec="10" bec="0" bev="0" fileid="1" />
            </Method>
            <Method visited="true" cyclomaticComplexity="1" nPathComplexity="0" sequenceCoverage="61.90" branchCoverage="100" crapScore="1.06" isConstructor="false" isStatic="false" isGetter="false" isSetter="false">
              <Summary numSequencePoints="21" visitedSequencePoints="13" numBranchPoints="1" visitedBranchPoints="1" sequenceCoverage="61.90" branchCoverage="100" maxCyclomaticComplexity="1" minCyclomaticComplexity="1" maxCrapScore="1.06" minCrapScore="1.06" visitedClasses="0" numClasses="0" visitedMethods="1" numMethods="1" />
              <MetadataToken>100663300</MetadataToken>
              <Name>System.Void FamilyTreeTest.PersonaTest::GetPadreTest()</Name>
              <FileRef uid="1" />
              <SequencePoints>
                <SequencePoint vc="1" uspid="106" ordinal="0" offset="0" sl="190" sc="9" el="190" ec="10" bec="0" bev="0" fileid="1" />
                <SequencePoint vc="1" uspid="107" ordinal="1" offset="1" sl="192" sc="13" el="193" ec="95" bec="0" bev="0" fileid="1" />
                <SequencePoint vc="1" uspid="108" ordinal="2" offset="61" sl="194" sc="13" el="194" ec="44" bec="0" bev="0" fileid="1" />
                <SequencePoint vc="1" uspid="109" ordinal="3" offset="68" sl="195" sc="13" el="195" ec="35" bec="0" bev="0" fileid="1" />
                <SequencePoint vc="1" uspid="110" ordinal="4" offset="75" sl="198" sc="13" el="198" ec="37" bec="0" bev="0" fileid="1" />
                <SequencePoint vc="1" uspid="111" ordinal="5" offset="83" sl="199" sc="13" el="199" ec="45" bec="0" bev="0" fileid="1" />
                <SequencePoint vc="1" uspid="112" ordinal="6" offset="90" sl="200" sc="13" el="200" ec="36" bec="0" bev="0" fileid="1" />
                <SequencePoint vc="1" uspid="113" ordinal="7" offset="97" sl="203" sc="13" el="204" ec="96" bec="0" bev="0" fileid="1" />
                <SequencePoint vc="1" uspid="114" ordinal="8" offset="163" sl="205" sc="13" el="205" ec="36" bec="0" bev="0" fileid="1" />
                <SequencePoint vc="1" uspid="115" ordinal="9" offset="170" sl="206" sc="13" el="206" ec="35" bec="0" bev="0" fileid="1" />
                <SequencePoint vc="1" uspid="116" ordinal="10" offset="177" sl="209" sc="13" el="210" ec="96" bec="0" bev="0" fileid="1" />
                <SequencePoint vc="1" uspid="117" ordinal="11" offset="243" sl="211" sc="13" el="211" ec="36" bec="0" bev="0" fileid="1" />
                <SequencePoint vc="1" uspid="118" ordinal="12" offset="250" sl="212" sc="13" el="212" ec="35" bec="0" bev="0" fileid="1" />
                <SequencePoint vc="0" uspid="119" ordinal="13" offset="257" sl="215" sc="13" el="216" ec="95" bec="0" bev="0" fileid="1" />
                <SequencePoint vc="0" uspid="120" ordinal="14" offset="317" sl="217" sc="13" el="217" ec="46" bec="0" bev="0" fileid="1" />
                <SequencePoint vc="0" uspid="121" ordinal="15" offset="325" sl="218" sc="13" el="218" ec="36" bec="0" bev="0" fileid="1" />
                <SequencePoint vc="0" uspid="122" ordinal="16" offset="332" sl="219" sc="13" el="219" ec="52" bec="0" bev="0" fileid="1" />
                <SequencePoint vc="0" uspid="123" ordinal="17" offset="340" sl="222" sc="13" el="223" ec="110" bec="0" bev="0" fileid="1" />
                <SequencePoint vc="0" uspid="124" ordinal="18" offset="400" sl="224" sc="13" el="224" ec="36" bec="0" bev="0" fileid="1" />
                <SequencePoint vc="0" uspid="125" ordinal="19" offset="407" sl="225" sc="13" el="225" ec="52" bec="0" bev="0" fileid="1" />
                <SequencePoint vc="0" uspid="126" ordinal="20" offset="415" sl="226" sc="9" el="226" ec="10" bec="0" bev="0" fileid="1" />
              </SequencePoints>
              <BranchPoints />
              <MethodPoint xsi:type="SequencePoint" vc="1" uspid="106" ordinal="0" offset="0" sl="190" sc="9" el="190" ec="10" bec="0" bev="0" fileid="1" />
            </Method>
            <Method visited="true" cyclomaticComplexity="1" nPathComplexity="0" sequenceCoverage="61.90" branchCoverage="100" crapScore="1.06" isConstructor="false" isStatic="false" isGetter="false" isSetter="false">
              <Summary numSequencePoints="21" visitedSequencePoints="13" numBranchPoints="1" visitedBranchPoints="1" sequenceCoverage="61.90" branchCoverage="100" maxCyclomaticComplexity="1" minCyclomaticComplexity="1" maxCrapScore="1.06" minCrapScore="1.06" visitedClasses="0" numClasses="0" visitedMethods="1" numMethods="1" />
              <MetadataToken>100663301</MetadataToken>
              <Name>System.Void FamilyTreeTest.PersonaTest::GetMadreTest()</Name>
              <FileRef uid="1" />
              <SequencePoints>
                <SequencePoint vc="1" uspid="127" ordinal="0" offset="0" sl="230" sc="9" el="230" ec="10" bec="0" bev="0" fileid="1" />
                <SequencePoint vc="1" uspid="128" ordinal="1" offset="1" sl="232" sc="13" el="233" ec="95" bec="0" bev="0" fileid="1" />
                <SequencePoint vc="1" uspid="129" ordinal="2" offset="61" sl="234" sc="13" el="234" ec="44" bec="0" bev="0" fileid="1" />
                <SequencePoint vc="1" uspid="130" ordinal="3" offset="68" sl="235" sc="13" el="235" ec="35" bec="0" bev="0" fileid="1" />
                <SequencePoint vc="1" uspid="131" ordinal="4" offset="75" sl="238" sc="13" el="238" ec="37" bec="0" bev="0" fileid="1" />
                <SequencePoint vc="1" uspid="132" ordinal="5" offset="83" sl="239" sc="13" el="239" ec="45" bec="0" bev="0" fileid="1" />
                <SequencePoint vc="1" uspid="133" ordinal="6" offset="90" sl="240" sc="13" el="240" ec="36" bec="0" bev="0" fileid="1" />
                <SequencePoint vc="1" uspid="134" ordinal="7" offset="97" sl="243" sc="13" el="244" ec="96" bec="0" bev="0" fileid="1" />
                <SequencePoint vc="1" uspid="135" ordinal="8" offset="163" sl="245" sc="13" el="245" ec="36" bec="0" bev="0" fileid="1" />
                <SequencePoint vc="1" uspid="136" ordinal="9" offset="170" sl="246" sc="13" el="246" ec="35" bec="0" bev="0" fileid="1" />
                <SequencePoint vc="1" uspid="137" ordinal="10" offset="177" sl="249" sc="13" el="250" ec="98" bec="0" bev="0" fileid="1" />
                <SequencePoint vc="1" uspid="138" ordinal="11" offset="243" sl="251" sc="13" el="251" ec="36" bec="0" bev="0" fileid="1" />
                <SequencePoint vc="1" uspid="139" ordinal="12" offset="250" sl="252" sc="13" el="252" ec="35" bec="0" bev="0" fileid="1" />
                <SequencePoint vc="0" uspid="140" ordinal="13" offset="257" sl="255" sc="13" el="256" ec="95" bec="0" bev="0" fileid="1" />
                <SequencePoint vc="0" uspid="141" ordinal="14" offset="317" sl="257" sc="13" el="257" ec="46" bec="0" bev="0" fileid="1" />
                <SequencePoint vc="0" uspid="142" ordinal="15" offset="325" sl="258" sc="13" el="258" ec="36" bec="0" bev="0" fileid="1" />
                <SequencePoint vc="0" uspid="143" ordinal="16" offset="332" sl="259" sc="13" el="259" ec="52" bec="0" bev="0" fileid="1" />
                <SequencePoint vc="0" uspid="144" ordinal="17" offset="340" sl="262" sc="13" el="263" ec="115" bec="0" bev="0" fileid="1" />
                <SequencePoint vc="0" uspid="145" ordinal="18" offset="400" sl="264" sc="13" el="264" ec="36" bec="0" bev="0" fileid="1" />
                <SequencePoint vc="0" uspid="146" ordinal="19" offset="407" sl="265" sc="13" el="265" ec="52" bec="0" bev="0" fileid="1" />
                <SequencePoint vc="0" uspid="147" ordinal="20" offset="415" sl="266" sc="9" el="266" ec="10" bec="0" bev="0" fileid="1" />
              </SequencePoints>
              <BranchPoints />
              <MethodPoint xsi:type="SequencePoint" vc="1" uspid="127" ordinal="0" offset="0" sl="230" sc="9" el="230" ec="10" bec="0" bev="0" fileid="1" />
            </Method>
            <Method visited="true" cyclomaticComplexity="1" nPathComplexity="0" sequenceCoverage="22.22" branchCoverage="100" crapScore="1.47" isConstructor="false" isStatic="false" isGetter="false" isSetter="false">
              <Summary numSequencePoints="18" visitedSequencePoints="4" numBranchPoints="1" visitedBranchPoints="1" sequenceCoverage="22.22" branchCoverage="100" maxCyclomaticComplexity="1" minCyclomaticComplexity="1" maxCrapScore="1.47" minCrapScore="1.47" visitedClasses="0" numClasses="0" visitedMethods="1" numMethods="1" />
              <MetadataToken>100663302</MetadataToken>
              <Name>System.Void FamilyTreeTest.PersonaTest::getDescendientesTest()</Name>
              <FileRef uid="1" />
              <SequencePoints>
                <SequencePoint vc="1" uspid="148" ordinal="0" offset="0" sl="270" sc="9" el="270" ec="10" bec="0" bev="0" fileid="1" />
                <SequencePoint vc="1" uspid="149" ordinal="1" offset="1" sl="272" sc="13" el="273" ec="95" bec="0" bev="0" fileid="1" />
                <SequencePoint vc="1" uspid="150" ordinal="2" offset="61" sl="274" sc="13" el="274" ec="64" bec="0" bev="0" fileid="1" />
                <SequencePoint vc="1" uspid="151" ordinal="3" offset="68" sl="275" sc="13" el="275" ec="35" bec="0" bev="0" fileid="1" />
                <SequencePoint vc="0" uspid="152" ordinal="4" offset="75" sl="278" sc="13" el="279" ec="95" bec="0" bev="0" fileid="1" />
                <SequencePoint vc="0" uspid="153" ordinal="5" offset="135" sl="280" sc="13" el="280" ec="47" bec="0" bev="0" fileid="1" />
                <SequencePoint vc="0" uspid="154" ordinal="6" offset="143" sl="281" sc="13" el="282" ec="97" bec="0" bev="0" fileid="1" />
                <SequencePoint vc="0" uspid="155" ordinal="7" offset="203" sl="283" sc="13" el="283" ec="47" bec="0" bev="0" fileid="1" />
                <SequencePoint vc="0" uspid="156" ordinal="8" offset="211" sl="286" sc="13" el="287" ec="95" bec="0" bev="0" fileid="1" />
                <SequencePoint vc="0" uspid="157" ordinal="9" offset="272" sl="288" sc="13" el="288" ec="47" bec="0" bev="0" fileid="1" />
                <SequencePoint vc="0" uspid="158" ordinal="10" offset="281" sl="291" sc="13" el="292" ec="119" bec="0" bev="0" fileid="1" />
                <SequencePoint vc="0" uspid="159" ordinal="11" offset="343" sl="295" sc="13" el="296" ec="119" bec="0" bev="0" fileid="1" />
                <SequencePoint vc="0" uspid="160" ordinal="12" offset="405" sl="298" sc="13" el="298" ec="72" bec="0" bev="0" fileid="1" />
                <SequencePoint vc="0" uspid="161" ordinal="13" offset="423" sl="299" sc="13" el="299" ec="72" bec="0" bev="0" fileid="1" />
                <SequencePoint vc="0" uspid="162" ordinal="14" offset="441" sl="300" sc="13" el="300" ec="73" bec="0" bev="0" fileid="1" />
                <SequencePoint vc="0" uspid="163" ordinal="15" offset="460" sl="301" sc="13" el="301" ec="72" bec="0" bev="0" fileid="1" />
                <SequencePoint vc="0" uspid="164" ordinal="16" offset="479" sl="302" sc="13" el="302" ec="73" bec="0" bev="0" fileid="1" />
                <SequencePoint vc="0" uspid="165" ordinal="17" offset="498" sl="303" sc="9" el="303" ec="10" bec="0" bev="0" fileid="1" />
              </SequencePoints>
              <BranchPoints />
              <MethodPoint xsi:type="SequencePoint" vc="1" uspid="148" ordinal="0" offset="0" sl="270" sc="9" el="270" ec="10" bec="0" bev="0" fileid="1" />
            </Method>
            <Method visited="true" cyclomaticComplexity="1" nPathComplexity="0" sequenceCoverage="42.86" branchCoverage="100" crapScore="1.19" isConstructor="false" isStatic="false" isGetter="false" isSetter="false">
              <Summary numSequencePoints="7" visitedSequencePoints="3" numBranchPoints="1" visitedBranchPoints="1" sequenceCoverage="42.86" branchCoverage="100" maxCyclomaticComplexity="1" minCyclomaticComplexity="1" maxCrapScore="1.19" minCrapScore="1.19" visitedClasses="0" numClasses="0" visitedMethods="1" numMethods="1" />
              <MetadataToken>100663303</MetadataToken>
              <Name>System.Void FamilyTreeTest.PersonaTest::getNombrePadre()</Name>
              <FileRef uid="1" />
              <SequencePoints>
                <SequencePoint vc="1" uspid="166" ordinal="0" offset="0" sl="307" sc="9" el="307" ec="10" bec="0" bev="0" fileid="1" />
                <SequencePoint vc="1" uspid="167" ordinal="1" offset="1" sl="308" sc="13" el="309" ec="95" bec="0" bev="0" fileid="1" />
                <SequencePoint vc="1" uspid="168" ordinal="2" offset="61" sl="310" sc="13" el="310" ec="50" bec="0" bev="0" fileid="1" />
                <SequencePoint vc="0" uspid="169" ordinal="3" offset="73" sl="312" sc="13" el="313" ec="95" bec="0" bev="0" fileid="1" />
                <SequencePoint vc="0" uspid="170" ordinal="4" offset="133" sl="314" sc="13" el="314" ec="38" bec="0" bev="0" fileid="1" />
                <SequencePoint vc="0" uspid="171" ordinal="5" offset="141" sl="315" sc="13" el="315" ec="69" bec="0" bev="0" fileid="1" />
                <SequencePoint vc="0" uspid="172" ordinal="6" offset="159" sl="316" sc="9" el="316" ec="10" bec="0" bev="0" fileid="1" />
              </SequencePoints>
              <BranchPoints />
              <MethodPoint xsi:type="SequencePoint" vc="1" uspid="166" ordinal="0" offset="0" sl="307" sc="9" el="307" ec="10" bec="0" bev="0" fileid="1" />
            </Method>
            <Method visited="true" cyclomaticComplexity="1" nPathComplexity="0" sequenceCoverage="28.57" branchCoverage="100" crapScore="1.36" isConstructor="false" isStatic="false" isGetter="false" isSetter="false">
              <Summary numSequencePoints="7" visitedSequencePoints="2" numBranchPoints="1" visitedBranchPoints="1" sequenceCoverage="28.57" branchCoverage="100" maxCyclomaticComplexity="1" minCyclomaticComplexity="1" maxCrapScore="1.36" minCrapScore="1.36" visitedClasses="0" numClasses="0" visitedMethods="1" numMethods="1" />
              <MetadataToken>100663304</MetadataToken>
              <Name>System.Void FamilyTreeTest.PersonaTest::getApellidoPadre()</Name>
              <FileRef uid="1" />
              <SequencePoints>
                <SequencePoint vc="1" uspid="173" ordinal="0" offset="0" sl="320" sc="9" el="320" ec="10" bec="0" bev="0" fileid="1" />
                <SequencePoint vc="1" uspid="174" ordinal="1" offset="1" sl="321" sc="13" el="322" ec="95" bec="0" bev="0" fileid="1" />
                <SequencePoint vc="0" uspid="175" ordinal="2" offset="61" sl="323" sc="13" el="323" ec="52" bec="0" bev="0" fileid="1" />
                <SequencePoint vc="0" uspid="176" ordinal="3" offset="73" sl="325" sc="13" el="326" ec="95" bec="0" bev="0" fileid="1" />
                <SequencePoint vc="0" uspid="177" ordinal="4" offset="133" sl="327" sc="13" el="327" ec="38" bec="0" bev="0" fileid="1" />
                <SequencePoint vc="0" uspid="178" ordinal="5" offset="141" sl="328" sc="13" el="328" ec="74" bec="0" bev="0" fileid="1" />
                <SequencePoint vc="0" uspid="179" ordinal="6" offset="159" sl="329" sc="9" el="329" ec="10" bec="0" bev="0" fileid="1" />
              </SequencePoints>
              <BranchPoints />
              <MethodPoint xsi:type="SequencePoint" vc="1" uspid="173" ordinal="0" offset="0" sl="320" sc="9" el="320" ec="10" bec="0" bev="0" fileid="1" />
            </Method>
            <Method visited="true" cyclomaticComplexity="1" nPathComplexity="0" sequenceCoverage="42.86" branchCoverage="100" crapScore="1.19" isConstructor="false" isStatic="false" isGetter="false" isSetter="false">
              <Summary numSequencePoints="7" visitedSequencePoints="3" numBranchPoints="1" visitedBranchPoints="1" sequenceCoverage="42.86" branchCoverage="100" maxCyclomaticComplexity="1" minCyclomaticComplexity="1" maxCrapScore="1.19" minCrapScore="1.19" visitedClasses="0" numClasses="0" visitedMethods="1" numMethods="1" />
              <MetadataToken>100663305</MetadataToken>
              <Name>System.Void FamilyTreeTest.PersonaTest::getNombreMadre()</Name>
              <FileRef uid="1" />
              <SequencePoints>
                <SequencePoint vc="1" uspid="180" ordinal="0" offset="0" sl="333" sc="9" el="333" ec="10" bec="0" bev="0" fileid="1" />
                <SequencePoint vc="1" uspid="181" ordinal="1" offset="1" sl="334" sc="13" el="335" ec="95" bec="0" bev="0" fileid="1" />
                <SequencePoint vc="1" uspid="182" ordinal="2" offset="61" sl="336" sc="13" el="336" ec="50" bec="0" bev="0" fileid="1" />
                <SequencePoint vc="0" uspid="183" ordinal="3" offset="73" sl="338" sc="13" el="339" ec="94" bec="0" bev="0" fileid="1" />
                <SequencePoint vc="0" uspid="184" ordinal="4" offset="133" sl="340" sc="13" el="340" ec="38" bec="0" bev="0" fileid="1" />
                <SequencePoint vc="0" uspid="185" ordinal="5" offset="141" sl="341" sc="13" el="341" ec="69" bec="0" bev="0" fileid="1" />
                <SequencePoint vc="0" uspid="186" ordinal="6" offset="159" sl="342" sc="9" el="342" ec="10" bec="0" bev="0" fileid="1" />
              </SequencePoints>
              <BranchPoints />
              <MethodPoint xsi:type="SequencePoint" vc="1" uspid="180" ordinal="0" offset="0" sl="333" sc="9" el="333" ec="10" bec="0" bev="0" fileid="1" />
            </Method>
            <Method visited="true" cyclomaticComplexity="1" nPathComplexity="0" sequenceCoverage="42.86" branchCoverage="100" crapScore="1.19" isConstructor="false" isStatic="false" isGetter="false" isSetter="false">
              <Summary numSequencePoints="7" visitedSequencePoints="3" numBranchPoints="1" visitedBranchPoints="1" sequenceCoverage="42.86" branchCoverage="100" maxCyclomaticComplexity="1" minCyclomaticComplexity="1" maxCrapScore="1.19" minCrapScore="1.19" visitedClasses="0" numClasses="0" visitedMethods="1" numMethods="1" />
              <MetadataToken>100663306</MetadataToken>
              <Name>System.Void FamilyTreeTest.PersonaTest::getApellidoMadre()</Name>
              <FileRef uid="1" />
              <SequencePoints>
                <SequencePoint vc="1" uspid="187" ordinal="0" offset="0" sl="346" sc="9" el="346" ec="10" bec="0" bev="0" fileid="1" />
                <SequencePoint vc="1" uspid="188" ordinal="1" offset="1" sl="347" sc="13" el="348" ec="95" bec="0" bev="0" fileid="1" />
                <SequencePoint vc="1" uspid="189" ordinal="2" offset="61" sl="349" sc="13" el="349" ec="52" bec="0" bev="0" fileid="1" />
                <SequencePoint vc="0" uspid="190" ordinal="3" offset="73" sl="351" sc="13" el="352" ec="95" bec="0" bev="0" fileid="1" />
                <SequencePoint vc="0" uspid="191" ordinal="4" offset="133" sl="353" sc="13" el="353" ec="38" bec="0" bev="0" fileid="1" />
                <SequencePoint vc="0" uspid="192" ordinal="5" offset="141" sl="354" sc="13" el="354" ec="74" bec="0" bev="0" fileid="1" />
                <SequencePoint vc="0" uspid="193" ordinal="6" offset="159" sl="355" sc="9" el="355" ec="10" bec="0" bev="0" fileid="1" />
              </SequencePoints>
              <BranchPoints />
              <MethodPoint xsi:type="SequencePoint" vc="1" uspid="187" ordinal="0" offset="0" sl="346" sc="9" el="346" ec="10" bec="0" bev="0" fileid="1" />
            </Method>
            <Method visited="false" cyclomaticComplexity="1" nPathComplexity="0" sequenceCoverage="0" branchCoverage="0" crapScore="2" isConstructor="true" isStatic="false" isGetter="false" isSetter="false">
              <Summary numSequencePoints="0" visitedSequencePoints="0" numBranchPoints="0" visitedBranchPoints="0" sequenceCoverage="0" branchCoverage="0" maxCyclomaticComplexity="1" minCyclomaticComplexity="1" maxCrapScore="2" minCrapScore="2" visitedClasses="0" numClasses="0" visitedMethods="0" numMethods="0" />
              <MetadataToken>100663307</MetadataToken>
              <Name>System.Void FamilyTreeTest.PersonaTest::.ctor()</Name>
              <SequencePoints />
              <BranchPoints />
              <MethodPoint vc="0" uspid="194" ordinal="0" offset="0" />
            </Method>
          </Methods>
        </Class>
      </Classes>
    </Module>
  </Modules>
</CoverageSession>