<?xml version="1.0" encoding="utf-8"?>
<CoverageSession xmlns:xsd="http://www.w3.org/2001/XMLSchema" xmlns:xsi="http://www.w3.org/2001/XMLSchema-instance" Version="4.7.922.0">
  <Summary numSequencePoints="167" visitedSequencePoints="167" numBranchPoints="10" visitedBranchPoints="10" sequenceCoverage="100" branchCoverage="100" maxCyclomaticComplexity="1" minCyclomaticComplexity="1" maxCrapScore="2" minCrapScore="1" visitedClasses="1" numClasses="1" visitedMethods="10" numMethods="10" />
  <Modules>
    <Module hash="C7-7B-D4-FC-53-BE-A8-1B-A8-81-35-B4-7D-55-F9-B7-57-97-F3-3B">
      <Summary numSequencePoints="167" visitedSequencePoints="167" numBranchPoints="10" visitedBranchPoints="10" sequenceCoverage="100" branchCoverage="100" maxCyclomaticComplexity="1" minCyclomaticComplexity="1" maxCrapScore="2" minCrapScore="1" visitedClasses="1" numClasses="1" visitedMethods="10" numMethods="10" />
      <ModulePath>E:\Curso\Valpru\Practica2\FamilyTree\FamilyTreeTest\bin\Debug\fine-code-coverage\build-output\FamilyTreeTest.dll</ModulePath>
      <ModuleTime>2024-12-02T10:51:44.4864337Z</ModuleTime>
      <ModuleName>FamilyTreeTest</ModuleName>
      <Files>
        <File uid="1" fullPath="E:\Curso\Valpru\Practica2\FamilyTree\FamilyTreeTest\PersonaTest.cs" />
      </Files>
      <Classes>
        <Class>
          <Summary numSequencePoints="167" visitedSequencePoints="167" numBranchPoints="10" visitedBranchPoints="10" sequenceCoverage="100" branchCoverage="100" maxCyclomaticComplexity="1" minCyclomaticComplexity="1" maxCrapScore="2" minCrapScore="1" visitedClasses="1" numClasses="1" visitedMethods="10" numMethods="10" />
          <FullName>FamilyTreeTest.PersonaTest</FullName>
          <Methods>
            <Method visited="true" cyclomaticComplexity="1" nPathComplexity="0" sequenceCoverage="100" branchCoverage="100" crapScore="1" isConstructor="false" isStatic="false" isGetter="false" isSetter="false">
              <Summary numSequencePoints="51" visitedSequencePoints="51" numBranchPoints="1" visitedBranchPoints="1" sequenceCoverage="100" branchCoverage="100" maxCyclomaticComplexity="1" minCyclomaticComplexity="1" maxCrapScore="1" minCrapScore="1" visitedClasses="0" numClasses="0" visitedMethods="1" numMethods="1" />
              <MetadataToken>100663297</MetadataToken>
              <Name>System.Void FamilyTreeTest.PersonaTest::TestPersona()</Name>
              <FileRef uid="1" />
              <SequencePoints>
                <SequencePoint vc="1" uspid="1" ordinal="0" offset="0" sl="13" sc="9" el="13" ec="10" bec="0" bev="0" fileid="1" />
                <SequencePoint vc="1" uspid="2" ordinal="1" offset="1" sl="15" sc="13" el="16" ec="91" bec="0" bev="0" fileid="1" />
                <SequencePoint vc="1" uspid="3" ordinal="2" offset="60" sl="19" sc="13" el="19" ec="31" bec="0" bev="0" fileid="1" />
                <SequencePoint vc="1" uspid="4" ordinal="3" offset="67" sl="20" sc="13" el="20" ec="38" bec="0" bev="0" fileid="1" />
                <SequencePoint vc="1" uspid="5" ordinal="4" offset="75" sl="22" sc="13" el="22" ec="42" bec="0" bev="0" fileid="1" />
                <SequencePoint vc="1" uspid="6" ordinal="5" offset="82" sl="23" sc="13" el="23" ec="48" bec="0" bev="0" fileid="1" />
                <SequencePoint vc="1" uspid="7" ordinal="6" offset="94" sl="25" sc="13" el="25" ec="38" bec="0" bev="0" fileid="1" />
                <SequencePoint vc="1" uspid="8" ordinal="7" offset="101" sl="26" sc="13" el="26" ec="50" bec="0" bev="0" fileid="1" />
                <SequencePoint vc="1" uspid="9" ordinal="8" offset="113" sl="28" sc="13" el="28" ec="38" bec="0" bev="0" fileid="1" />
                <SequencePoint vc="1" uspid="10" ordinal="9" offset="120" sl="29" sc="13" el="29" ec="46" bec="0" bev="0" fileid="1" />
                <SequencePoint vc="1" uspid="11" ordinal="10" offset="132" sl="31" sc="13" el="31" ec="52" bec="0" bev="0" fileid="1" />
                <SequencePoint vc="1" uspid="12" ordinal="11" offset="139" sl="32" sc="13" el="32" ec="63" bec="0" bev="0" fileid="1" />
                <SequencePoint vc="1" uspid="13" ordinal="12" offset="159" sl="34" sc="13" el="34" ec="45" bec="0" bev="0" fileid="1" />
                <SequencePoint vc="1" uspid="14" ordinal="13" offset="166" sl="35" sc="13" el="35" ec="47" bec="0" bev="0" fileid="1" />
                <SequencePoint vc="1" uspid="15" ordinal="14" offset="178" sl="37" sc="13" el="37" ec="48" bec="0" bev="0" fileid="1" />
                <SequencePoint vc="1" uspid="16" ordinal="15" offset="185" sl="38" sc="13" el="38" ec="47" bec="0" bev="0" fileid="1" />
                <SequencePoint vc="1" uspid="17" ordinal="16" offset="197" sl="40" sc="13" el="40" ec="37" bec="0" bev="0" fileid="1" />
                <SequencePoint vc="1" uspid="18" ordinal="17" offset="204" sl="41" sc="13" el="41" ec="43" bec="0" bev="0" fileid="1" />
                <SequencePoint vc="1" uspid="19" ordinal="18" offset="216" sl="43" sc="13" el="43" ec="34" bec="0" bev="0" fileid="1" />
                <SequencePoint vc="1" uspid="20" ordinal="19" offset="223" sl="44" sc="13" el="44" ec="47" bec="0" bev="0" fileid="1" />
                <SequencePoint vc="1" uspid="21" ordinal="20" offset="235" sl="46" sc="13" el="46" ec="35" bec="0" bev="0" fileid="1" />
                <SequencePoint vc="1" uspid="22" ordinal="21" offset="242" sl="47" sc="13" el="47" ec="44" bec="0" bev="0" fileid="1" />
                <SequencePoint vc="1" uspid="23" ordinal="22" offset="254" sl="49" sc="13" el="49" ec="56" bec="0" bev="0" fileid="1" />
                <SequencePoint vc="1" uspid="24" ordinal="23" offset="261" sl="50" sc="13" el="50" ec="59" bec="0" bev="0" fileid="1" />
                <SequencePoint vc="1" uspid="25" ordinal="24" offset="273" sl="52" sc="13" el="52" ec="41" bec="0" bev="0" fileid="1" />
                <SequencePoint vc="1" uspid="26" ordinal="25" offset="281" sl="53" sc="13" el="53" ec="34" bec="0" bev="0" fileid="1" />
                <SequencePoint vc="1" uspid="27" ordinal="26" offset="289" sl="55" sc="13" el="55" ec="41" bec="0" bev="0" fileid="1" />
                <SequencePoint vc="1" uspid="28" ordinal="27" offset="297" sl="56" sc="13" el="56" ec="34" bec="0" bev="0" fileid="1" />
                <SequencePoint vc="1" uspid="29" ordinal="28" offset="305" sl="58" sc="13" el="58" ec="51" bec="0" bev="0" fileid="1" />
                <SequencePoint vc="1" uspid="30" ordinal="29" offset="313" sl="59" sc="13" el="59" ec="44" bec="0" bev="0" fileid="1" />
                <SequencePoint vc="1" uspid="31" ordinal="30" offset="327" sl="63" sc="13" el="64" ec="85" bec="0" bev="0" fileid="1" />
                <SequencePoint vc="1" uspid="32" ordinal="31" offset="383" sl="66" sc="13" el="67" ec="96" bec="0" bev="0" fileid="1" />
                <SequencePoint vc="1" uspid="33" ordinal="32" offset="444" sl="68" sc="13" el="68" ec="37" bec="0" bev="0" fileid="1" />
                <SequencePoint vc="1" uspid="34" ordinal="33" offset="453" sl="69" sc="13" el="69" ec="44" bec="0" bev="0" fileid="1" />
                <SequencePoint vc="1" uspid="35" ordinal="34" offset="467" sl="71" sc="13" el="71" ec="57" bec="0" bev="0" fileid="1" />
                <SequencePoint vc="1" uspid="36" ordinal="35" offset="482" sl="72" sc="13" el="72" ec="48" bec="0" bev="0" fileid="1" />
                <SequencePoint vc="1" uspid="37" ordinal="36" offset="492" sl="75" sc="13" el="76" ec="102" bec="0" bev="0" fileid="1" />
                <SequencePoint vc="1" uspid="38" ordinal="37" offset="553" sl="77" sc="13" el="77" ec="41" bec="0" bev="0" fileid="1" />
                <SequencePoint vc="1" uspid="39" ordinal="38" offset="566" sl="80" sc="13" el="81" ec="101" bec="0" bev="0" fileid="1" />
                <SequencePoint vc="1" uspid="40" ordinal="39" offset="627" sl="82" sc="13" el="82" ec="41" bec="0" bev="0" fileid="1" />
                <SequencePoint vc="1" uspid="41" ordinal="40" offset="640" sl="85" sc="13" el="86" ec="94" bec="0" bev="0" fileid="1" />
                <SequencePoint vc="1" uspid="42" ordinal="41" offset="700" sl="87" sc="13" el="87" ec="41" bec="0" bev="0" fileid="1" />
                <SequencePoint vc="1" uspid="43" ordinal="42" offset="709" sl="88" sc="13" el="88" ec="42" bec="0" bev="0" fileid="1" />
                <SequencePoint vc="1" uspid="44" ordinal="43" offset="717" sl="91" sc="13" el="92" ec="100" bec="0" bev="0" fileid="1" />
                <SequencePoint vc="1" uspid="45" ordinal="44" offset="778" sl="93" sc="13" el="93" ec="41" bec="0" bev="0" fileid="1" />
                <SequencePoint vc="1" uspid="46" ordinal="45" offset="787" sl="94" sc="13" el="94" ec="42" bec="0" bev="0" fileid="1" />
                <SequencePoint vc="1" uspid="47" ordinal="46" offset="795" sl="97" sc="13" el="98" ec="78" bec="0" bev="0" fileid="1" />
                <SequencePoint vc="1" uspid="48" ordinal="47" offset="851" sl="99" sc="13" el="99" ec="34" bec="0" bev="0" fileid="1" />
                <SequencePoint vc="1" uspid="49" ordinal="48" offset="859" sl="100" sc="13" el="100" ec="38" bec="0" bev="0" fileid="1" />
                <SequencePoint vc="1" uspid="50" ordinal="49" offset="867" sl="101" sc="13" el="101" ec="35" bec="0" bev="0" fileid="1" />
                <SequencePoint vc="1" uspid="51" ordinal="50" offset="874" sl="102" sc="9" el="102" ec="10" bec="0" bev="0" fileid="1" />
              </SequencePoints>
              <BranchPoints />
              <MethodPoint xsi:type="SequencePoint" vc="1" uspid="1" ordinal="0" offset="0" sl="13" sc="9" el="13" ec="10" bec="0" bev="0" fileid="1" />
            </Method>
            <Method visited="true" cyclomaticComplexity="1" nPathComplexity="0" sequenceCoverage="100" branchCoverage="100" crapScore="1" isConstructor="false" isStatic="false" isGetter="false" isSetter="false">
              <Summary numSequencePoints="18" visitedSequencePoints="18" numBranchPoints="1" visitedBranchPoints="1" sequenceCoverage="100" branchCoverage="100" maxCyclomaticComplexity="1" minCyclomaticComplexity="1" maxCrapScore="1" minCrapScore="1" visitedClasses="0" numClasses="0" visitedMethods="1" numMethods="1" />
              <MetadataToken>100663298</MetadataToken>
              <Name>System.Void FamilyTreeTest.PersonaTest::AsignarPadreTest()</Name>
              <FileRef uid="1" />
              <SequencePoints>
                <SequencePoint vc="1" uspid="52" ordinal="0" offset="0" sl="107" sc="9" el="107" ec="10" bec="0" bev="0" fileid="1" />
                <SequencePoint vc="1" uspid="53" ordinal="1" offset="1" sl="109" sc="13" el="110" ec="95" bec="0" bev="0" fileid="1" />
                <SequencePoint vc="1" uspid="54" ordinal="2" offset="61" sl="111" sc="13" el="112" ec="104" bec="0" bev="0" fileid="1" />
                <SequencePoint vc="1" uspid="55" ordinal="3" offset="121" sl="113" sc="13" el="113" ec="40" bec="0" bev="0" fileid="1" />
                <SequencePoint vc="1" uspid="56" ordinal="4" offset="128" sl="114" sc="13" el="114" ec="44" bec="0" bev="0" fileid="1" />
                <SequencePoint vc="1" uspid="57" ordinal="5" offset="136" sl="115" sc="13" el="115" ec="63" bec="0" bev="0" fileid="1" />
                <SequencePoint vc="1" uspid="58" ordinal="6" offset="154" sl="118" sc="13" el="119" ec="97" bec="0" bev="0" fileid="1" />
                <SequencePoint vc="1" uspid="59" ordinal="7" offset="214" sl="120" sc="13" el="120" ec="33" bec="0" bev="0" fileid="1" />
                <SequencePoint vc="1" uspid="60" ordinal="8" offset="216" sl="121" sc="13" el="121" ec="69" bec="0" bev="0" fileid="1" />
                <SequencePoint vc="1" uspid="61" ordinal="9" offset="230" sl="122" sc="13" el="122" ec="40" bec="0" bev="0" fileid="1" />
                <SequencePoint vc="1" uspid="62" ordinal="10" offset="238" sl="123" sc="13" el="123" ec="42" bec="0" bev="0" fileid="1" />
                <SequencePoint vc="1" uspid="63" ordinal="11" offset="250" sl="124" sc="13" el="124" ec="64" bec="0" bev="0" fileid="1" />
                <SequencePoint vc="1" uspid="64" ordinal="12" offset="268" sl="127" sc="13" el="128" ec="95" bec="0" bev="0" fileid="1" />
                <SequencePoint vc="1" uspid="65" ordinal="13" offset="329" sl="129" sc="13" el="129" ec="70" bec="0" bev="0" fileid="1" />
                <SequencePoint vc="1" uspid="66" ordinal="14" offset="344" sl="130" sc="13" el="130" ec="40" bec="0" bev="0" fileid="1" />
                <SequencePoint vc="1" uspid="67" ordinal="15" offset="352" sl="131" sc="13" el="131" ec="42" bec="0" bev="0" fileid="1" />
                <SequencePoint vc="1" uspid="68" ordinal="16" offset="364" sl="132" sc="13" el="132" ec="64" bec="0" bev="0" fileid="1" />
                <SequencePoint vc="1" uspid="69" ordinal="17" offset="382" sl="133" sc="9" el="133" ec="10" bec="0" bev="0" fileid="1" />
              </SequencePoints>
              <BranchPoints />
              <MethodPoint xsi:type="SequencePoint" vc="1" uspid="52" ordinal="0" offset="0" sl="107" sc="9" el="107" ec="10" bec="0" bev="0" fileid="1" />
            </Method>
            <Method visited="true" cyclomaticComplexity="1" nPathComplexity="0" sequenceCoverage="100" branchCoverage="100" crapScore="1" isConstructor="false" isStatic="false" isGetter="false" isSetter="false">
              <Summary numSequencePoints="18" visitedSequencePoints="18" numBranchPoints="1" visitedBranchPoints="1" sequenceCoverage="100" branchCoverage="100" maxCyclomaticComplexity="1" minCyclomaticComplexity="1" maxCrapScore="1" minCrapScore="1" visitedClasses="0" numClasses="0" visitedMethods="1" numMethods="1" />
              <MetadataToken>100663299</MetadataToken>
              <Name>System.Void FamilyTreeTest.PersonaTest::AsignarMadreTest()</Name>
              <FileRef uid="1" />
              <SequencePoints>
                <SequencePoint vc="1" uspid="70" ordinal="0" offset="0" sl="137" sc="9" el="137" ec="10" bec="0" bev="0" fileid="1" />
                <SequencePoint vc="1" uspid="71" ordinal="1" offset="1" sl="139" sc="13" el="140" ec="101" bec="0" bev="0" fileid="1" />
                <SequencePoint vc="1" uspid="72" ordinal="2" offset="61" sl="141" sc="13" el="142" ec="109" bec="0" bev="0" fileid="1" />
                <SequencePoint vc="1" uspid="73" ordinal="3" offset="121" sl="143" sc="13" el="143" ec="40" bec="0" bev="0" fileid="1" />
                <SequencePoint vc="1" uspid="74" ordinal="4" offset="128" sl="144" sc="13" el="144" ec="44" bec="0" bev="0" fileid="1" />
                <SequencePoint vc="1" uspid="75" ordinal="5" offset="136" sl="145" sc="13" el="145" ec="63" bec="0" bev="0" fileid="1" />
                <SequencePoint vc="1" uspid="76" ordinal="6" offset="154" sl="148" sc="13" el="149" ec="97" bec="0" bev="0" fileid="1" />
                <SequencePoint vc="1" uspid="77" ordinal="7" offset="214" sl="150" sc="13" el="150" ec="33" bec="0" bev="0" fileid="1" />
                <SequencePoint vc="1" uspid="78" ordinal="8" offset="216" sl="151" sc="13" el="151" ec="69" bec="0" bev="0" fileid="1" />
                <SequencePoint vc="1" uspid="79" ordinal="9" offset="230" sl="152" sc="13" el="152" ec="40" bec="0" bev="0" fileid="1" />
                <SequencePoint vc="1" uspid="80" ordinal="10" offset="238" sl="153" sc="13" el="153" ec="42" bec="0" bev="0" fileid="1" />
                <SequencePoint vc="1" uspid="81" ordinal="11" offset="250" sl="154" sc="13" el="154" ec="64" bec="0" bev="0" fileid="1" />
                <SequencePoint vc="1" uspid="82" ordinal="12" offset="268" sl="157" sc="13" el="158" ec="97" bec="0" bev="0" fileid="1" />
                <SequencePoint vc="1" uspid="83" ordinal="13" offset="329" sl="159" sc="13" el="159" ec="70" bec="0" bev="0" fileid="1" />
                <SequencePoint vc="1" uspid="84" ordinal="14" offset="344" sl="160" sc="13" el="160" ec="40" bec="0" bev="0" fileid="1" />
                <SequencePoint vc="1" uspid="85" ordinal="15" offset="352" sl="161" sc="13" el="161" ec="42" bec="0" bev="0" fileid="1" />
                <SequencePoint vc="1" uspid="86" ordinal="16" offset="364" sl="162" sc="13" el="162" ec="64" bec="0" bev="0" fileid="1" />
                <SequencePoint vc="1" uspid="87" ordinal="17" offset="382" sl="164" sc="9" el="164" ec="10" bec="0" bev="0" fileid="1" />
              </SequencePoints>
              <BranchPoints />
              <MethodPoint xsi:type="SequencePoint" vc="1" uspid="70" ordinal="0" offset="0" sl="137" sc="9" el="137" ec="10" bec="0" bev="0" fileid="1" />
            </Method>
            <Method visited="true" cyclomaticComplexity="1" nPathComplexity="0" sequenceCoverage="100" branchCoverage="100" crapScore="1" isConstructor="false" isStatic="false" isGetter="false" isSetter="false">
              <Summary numSequencePoints="18" visitedSequencePoints="18" numBranchPoints="1" visitedBranchPoints="1" sequenceCoverage="100" branchCoverage="100" maxCyclomaticComplexity="1" minCyclomaticComplexity="1" maxCrapScore="1" minCrapScore="1" visitedClasses="0" numClasses="0" visitedMethods="1" numMethods="1" />
              <MetadataToken>100663300</MetadataToken>
              <Name>System.Void FamilyTreeTest.PersonaTest::GetPadreTest()</Name>
              <FileRef uid="1" />
              <SequencePoints>
                <SequencePoint vc="1" uspid="88" ordinal="0" offset="0" sl="168" sc="9" el="168" ec="10" bec="0" bev="0" fileid="1" />
                <SequencePoint vc="1" uspid="89" ordinal="1" offset="1" sl="170" sc="13" el="171" ec="95" bec="0" bev="0" fileid="1" />
                <SequencePoint vc="1" uspid="90" ordinal="2" offset="61" sl="172" sc="13" el="172" ec="44" bec="0" bev="0" fileid="1" />
                <SequencePoint vc="1" uspid="91" ordinal="3" offset="68" sl="173" sc="13" el="173" ec="35" bec="0" bev="0" fileid="1" />
                <SequencePoint vc="1" uspid="92" ordinal="4" offset="75" sl="176" sc="13" el="176" ec="51" bec="0" bev="0" fileid="1" />
                <SequencePoint vc="1" uspid="93" ordinal="5" offset="88" sl="177" sc="13" el="177" ec="45" bec="0" bev="0" fileid="1" />
                <SequencePoint vc="1" uspid="94" ordinal="6" offset="95" sl="178" sc="13" el="178" ec="36" bec="0" bev="0" fileid="1" />
                <SequencePoint vc="1" uspid="95" ordinal="7" offset="102" sl="181" sc="13" el="182" ec="110" bec="0" bev="0" fileid="1" />
                <SequencePoint vc="1" uspid="96" ordinal="8" offset="173" sl="183" sc="13" el="183" ec="36" bec="0" bev="0" fileid="1" />
                <SequencePoint vc="1" uspid="97" ordinal="9" offset="180" sl="184" sc="13" el="184" ec="35" bec="0" bev="0" fileid="1" />
                <SequencePoint vc="1" uspid="98" ordinal="10" offset="187" sl="188" sc="13" el="189" ec="95" bec="0" bev="0" fileid="1" />
                <SequencePoint vc="1" uspid="99" ordinal="11" offset="247" sl="190" sc="13" el="190" ec="60" bec="0" bev="0" fileid="1" />
                <SequencePoint vc="1" uspid="100" ordinal="12" offset="260" sl="191" sc="13" el="191" ec="36" bec="0" bev="0" fileid="1" />
                <SequencePoint vc="1" uspid="101" ordinal="13" offset="267" sl="192" sc="13" el="192" ec="52" bec="0" bev="0" fileid="1" />
                <SequencePoint vc="1" uspid="102" ordinal="14" offset="275" sl="195" sc="13" el="196" ec="110" bec="0" bev="0" fileid="1" />
                <SequencePoint vc="1" uspid="103" ordinal="15" offset="335" sl="197" sc="13" el="197" ec="36" bec="0" bev="0" fileid="1" />
                <SequencePoint vc="1" uspid="104" ordinal="16" offset="342" sl="198" sc="13" el="198" ec="52" bec="0" bev="0" fileid="1" />
                <SequencePoint vc="1" uspid="105" ordinal="17" offset="350" sl="199" sc="9" el="199" ec="10" bec="0" bev="0" fileid="1" />
              </SequencePoints>
              <BranchPoints />
              <MethodPoint xsi:type="SequencePoint" vc="1" uspid="88" ordinal="0" offset="0" sl="168" sc="9" el="168" ec="10" bec="0" bev="0" fileid="1" />
            </Method>
            <Method visited="true" cyclomaticComplexity="1" nPathComplexity="0" sequenceCoverage="100" branchCoverage="100" crapScore="1" isConstructor="false" isStatic="false" isGetter="false" isSetter="false">
              <Summary numSequencePoints="18" visitedSequencePoints="18" numBranchPoints="1" visitedBranchPoints="1" sequenceCoverage="100" branchCoverage="100" maxCyclomaticComplexity="1" minCyclomaticComplexity="1" maxCrapScore="1" minCrapScore="1" visitedClasses="0" numClasses="0" visitedMethods="1" numMethods="1" />
              <MetadataToken>100663301</MetadataToken>
              <Name>System.Void FamilyTreeTest.PersonaTest::GetMadreTest()</Name>
              <FileRef uid="1" />
              <SequencePoints>
                <SequencePoint vc="1" uspid="106" ordinal="0" offset="0" sl="203" sc="9" el="203" ec="10" bec="0" bev="0" fileid="1" />
                <SequencePoint vc="1" uspid="107" ordinal="1" offset="1" sl="205" sc="13" el="206" ec="95" bec="0" bev="0" fileid="1" />
                <SequencePoint vc="1" uspid="108" ordinal="2" offset="61" sl="207" sc="13" el="207" ec="44" bec="0" bev="0" fileid="1" />
                <SequencePoint vc="1" uspid="109" ordinal="3" offset="68" sl="208" sc="13" el="208" ec="35" bec="0" bev="0" fileid="1" />
                <SequencePoint vc="1" uspid="110" ordinal="4" offset="75" sl="211" sc="13" el="211" ec="51" bec="0" bev="0" fileid="1" />
                <SequencePoint vc="1" uspid="111" ordinal="5" offset="88" sl="212" sc="13" el="212" ec="45" bec="0" bev="0" fileid="1" />
                <SequencePoint vc="1" uspid="112" ordinal="6" offset="95" sl="213" sc="13" el="213" ec="36" bec="0" bev="0" fileid="1" />
                <SequencePoint vc="1" uspid="113" ordinal="7" offset="102" sl="216" sc="13" el="217" ec="110" bec="0" bev="0" fileid="1" />
                <SequencePoint vc="1" uspid="114" ordinal="8" offset="173" sl="218" sc="13" el="218" ec="36" bec="0" bev="0" fileid="1" />
                <SequencePoint vc="1" uspid="115" ordinal="9" offset="180" sl="219" sc="13" el="219" ec="35" bec="0" bev="0" fileid="1" />
                <SequencePoint vc="1" uspid="116" ordinal="10" offset="187" sl="222" sc="13" el="223" ec="95" bec="0" bev="0" fileid="1" />
                <SequencePoint vc="1" uspid="117" ordinal="11" offset="247" sl="224" sc="13" el="224" ec="60" bec="0" bev="0" fileid="1" />
                <SequencePoint vc="1" uspid="118" ordinal="12" offset="260" sl="225" sc="13" el="225" ec="36" bec="0" bev="0" fileid="1" />
                <SequencePoint vc="1" uspid="119" ordinal="13" offset="267" sl="226" sc="13" el="226" ec="52" bec="0" bev="0" fileid="1" />
                <SequencePoint vc="1" uspid="120" ordinal="14" offset="275" sl="229" sc="13" el="230" ec="116" bec="0" bev="0" fileid="1" />
                <SequencePoint vc="1" uspid="121" ordinal="15" offset="335" sl="231" sc="13" el="231" ec="36" bec="0" bev="0" fileid="1" />
                <SequencePoint vc="1" uspid="122" ordinal="16" offset="342" sl="232" sc="13" el="232" ec="52" bec="0" bev="0" fileid="1" />
                <SequencePoint vc="1" uspid="123" ordinal="17" offset="350" sl="233" sc="9" el="233" ec="10" bec="0" bev="0" fileid="1" />
              </SequencePoints>
              <BranchPoints />
              <MethodPoint xsi:type="SequencePoint" vc="1" uspid="106" ordinal="0" offset="0" sl="203" sc="9" el="203" ec="10" bec="0" bev="0" fileid="1" />
            </Method>
            <Method visited="true" cyclomaticComplexity="1" nPathComplexity="0" sequenceCoverage="100" branchCoverage="100" crapScore="1" isConstructor="false" isStatic="false" isGetter="false" isSetter="false">
              <Summary numSequencePoints="16" visitedSequencePoints="16" numBranchPoints="1" visitedBranchPoints="1" sequenceCoverage="100" branchCoverage="100" maxCyclomaticComplexity="1" minCyclomaticComplexity="1" maxCrapScore="1" minCrapScore="1" visitedClasses="0" numClasses="0" visitedMethods="1" numMethods="1" />
              <MetadataToken>100663302</MetadataToken>
              <Name>System.Void FamilyTreeTest.PersonaTest::getDescendientesTest()</Name>
              <FileRef uid="1" />
              <SequencePoints>
                <SequencePoint vc="1" uspid="124" ordinal="0" offset="0" sl="237" sc="9" el="237" ec="10" bec="0" bev="0" fileid="1" />
                <SequencePoint vc="1" uspid="125" ordinal="1" offset="1" sl="239" sc="13" el="240" ec="95" bec="0" bev="0" fileid="1" />
                <SequencePoint vc="1" uspid="126" ordinal="2" offset="61" sl="243" sc="13" el="244" ec="95" bec="0" bev="0" fileid="1" />
                <SequencePoint vc="1" uspid="127" ordinal="3" offset="121" sl="245" sc="13" el="245" ec="61" bec="0" bev="0" fileid="1" />
                <SequencePoint vc="1" uspid="128" ordinal="4" offset="134" sl="246" sc="13" el="247" ec="97" bec="0" bev="0" fileid="1" />
                <SequencePoint vc="1" uspid="129" ordinal="5" offset="194" sl="248" sc="13" el="248" ec="61" bec="0" bev="0" fileid="1" />
                <SequencePoint vc="1" uspid="130" ordinal="6" offset="207" sl="251" sc="13" el="252" ec="95" bec="0" bev="0" fileid="1" />
                <SequencePoint vc="1" uspid="131" ordinal="7" offset="267" sl="253" sc="13" el="253" ec="61" bec="0" bev="0" fileid="1" />
                <SequencePoint vc="1" uspid="132" ordinal="8" offset="280" sl="256" sc="13" el="257" ec="119" bec="0" bev="0" fileid="1" />
                <SequencePoint vc="1" uspid="133" ordinal="9" offset="341" sl="260" sc="13" el="261" ec="119" bec="0" bev="0" fileid="1" />
                <SequencePoint vc="1" uspid="134" ordinal="10" offset="403" sl="263" sc="13" el="263" ec="72" bec="0" bev="0" fileid="1" />
                <SequencePoint vc="1" uspid="135" ordinal="11" offset="421" sl="264" sc="13" el="264" ec="72" bec="0" bev="0" fileid="1" />
                <SequencePoint vc="1" uspid="136" ordinal="12" offset="439" sl="265" sc="13" el="265" ec="73" bec="0" bev="0" fileid="1" />
                <SequencePoint vc="1" uspid="137" ordinal="13" offset="457" sl="266" sc="13" el="266" ec="72" bec="0" bev="0" fileid="1" />
                <SequencePoint vc="1" uspid="138" ordinal="14" offset="476" sl="267" sc="13" el="267" ec="73" bec="0" bev="0" fileid="1" />
                <SequencePoint vc="1" uspid="139" ordinal="15" offset="495" sl="268" sc="9" el="268" ec="10" bec="0" bev="0" fileid="1" />
              </SequencePoints>
              <BranchPoints />
              <MethodPoint xsi:type="SequencePoint" vc="1" uspid="124" ordinal="0" offset="0" sl="237" sc="9" el="237" ec="10" bec="0" bev="0" fileid="1" />
            </Method>
            <Method visited="true" cyclomaticComplexity="1" nPathComplexity="0" sequenceCoverage="100" branchCoverage="100" crapScore="1" isConstructor="false" isStatic="false" isGetter="false" isSetter="false">
              <Summary numSequencePoints="7" visitedSequencePoints="7" numBranchPoints="1" visitedBranchPoints="1" sequenceCoverage="100" branchCoverage="100" maxCyclomaticComplexity="1" minCyclomaticComplexity="1" maxCrapScore="1" minCrapScore="1" visitedClasses="0" numClasses="0" visitedMethods="1" numMethods="1" />
              <MetadataToken>100663303</MetadataToken>
              <Name>System.Void FamilyTreeTest.PersonaTest::getNombrePadre()</Name>
              <FileRef uid="1" />
              <SequencePoints>
                <SequencePoint vc="1" uspid="140" ordinal="0" offset="0" sl="272" sc="9" el="272" ec="10" bec="0" bev="0" fileid="1" />
                <SequencePoint vc="1" uspid="141" ordinal="1" offset="1" sl="273" sc="13" el="274" ec="95" bec="0" bev="0" fileid="1" />
                <SequencePoint vc="1" uspid="142" ordinal="2" offset="61" sl="275" sc="13" el="275" ec="50" bec="0" bev="0" fileid="1" />
                <SequencePoint vc="1" uspid="143" ordinal="3" offset="73" sl="277" sc="13" el="278" ec="95" bec="0" bev="0" fileid="1" />
                <SequencePoint vc="1" uspid="144" ordinal="4" offset="133" sl="279" sc="13" el="279" ec="52" bec="0" bev="0" fileid="1" />
                <SequencePoint vc="1" uspid="145" ordinal="5" offset="146" sl="280" sc="13" el="280" ec="69" bec="0" bev="0" fileid="1" />
                <SequencePoint vc="1" uspid="146" ordinal="6" offset="164" sl="281" sc="9" el="281" ec="10" bec="0" bev="0" fileid="1" />
              </SequencePoints>
              <BranchPoints />
              <MethodPoint xsi:type="SequencePoint" vc="1" uspid="140" ordinal="0" offset="0" sl="272" sc="9" el="272" ec="10" bec="0" bev="0" fileid="1" />
            </Method>
            <Method visited="true" cyclomaticComplexity="1" nPathComplexity="0" sequenceCoverage="100" branchCoverage="100" crapScore="1" isConstructor="false" isStatic="false" isGetter="false" isSetter="false">
              <Summary numSequencePoints="7" visitedSequencePoints="7" numBranchPoints="1" visitedBranchPoints="1" sequenceCoverage="100" branchCoverage="100" maxCyclomaticComplexity="1" minCyclomaticComplexity="1" maxCrapScore="1" minCrapScore="1" visitedClasses="0" numClasses="0" visitedMethods="1" numMethods="1" />
              <MetadataToken>100663304</MetadataToken>
              <Name>System.Void FamilyTreeTest.PersonaTest::getApellidoPadre()</Name>
              <FileRef uid="1" />
              <SequencePoints>
                <SequencePoint vc="1" uspid="147" ordinal="0" offset="0" sl="285" sc="9" el="285" ec="10" bec="0" bev="0" fileid="1" />
                <SequencePoint vc="1" uspid="148" ordinal="1" offset="1" sl="286" sc="13" el="287" ec="95" bec="0" bev="0" fileid="1" />
                <SequencePoint vc="1" uspid="149" ordinal="2" offset="61" sl="288" sc="13" el="288" ec="52" bec="0" bev="0" fileid="1" />
                <SequencePoint vc="1" uspid="150" ordinal="3" offset="73" sl="290" sc="13" el="291" ec="95" bec="0" bev="0" fileid="1" />
                <SequencePoint vc="1" uspid="151" ordinal="4" offset="133" sl="292" sc="13" el="292" ec="52" bec="0" bev="0" fileid="1" />
                <SequencePoint vc="1" uspid="152" ordinal="5" offset="146" sl="293" sc="13" el="293" ec="74" bec="0" bev="0" fileid="1" />
                <SequencePoint vc="1" uspid="153" ordinal="6" offset="164" sl="294" sc="9" el="294" ec="10" bec="0" bev="0" fileid="1" />
              </SequencePoints>
              <BranchPoints />
              <MethodPoint xsi:type="SequencePoint" vc="1" uspid="147" ordinal="0" offset="0" sl="285" sc="9" el="285" ec="10" bec="0" bev="0" fileid="1" />
            </Method>
            <Method visited="true" cyclomaticComplexity="1" nPathComplexity="0" sequenceCoverage="100" branchCoverage="100" crapScore="1" isConstructor="false" isStatic="false" isGetter="false" isSetter="false">
              <Summary numSequencePoints="7" visitedSequencePoints="7" numBranchPoints="1" visitedBranchPoints="1" sequenceCoverage="100" branchCoverage="100" maxCyclomaticComplexity="1" minCyclomaticComplexity="1" maxCrapScore="1" minCrapScore="1" visitedClasses="0" numClasses="0" visitedMethods="1" numMethods="1" />
              <MetadataToken>100663305</MetadataToken>
              <Name>System.Void FamilyTreeTest.PersonaTest::getNombreMadre()</Name>
              <FileRef uid="1" />
              <SequencePoints>
                <SequencePoint vc="1" uspid="154" ordinal="0" offset="0" sl="298" sc="9" el="298" ec="10" bec="0" bev="0" fileid="1" />
                <SequencePoint vc="1" uspid="155" ordinal="1" offset="1" sl="299" sc="13" el="300" ec="95" bec="0" bev="0" fileid="1" />
                <SequencePoint vc="1" uspid="156" ordinal="2" offset="61" sl="301" sc="13" el="301" ec="50" bec="0" bev="0" fileid="1" />
                <SequencePoint vc="1" uspid="157" ordinal="3" offset="73" sl="303" sc="13" el="304" ec="94" bec="0" bev="0" fileid="1" />
                <SequencePoint vc="1" uspid="158" ordinal="4" offset="133" sl="305" sc="13" el="305" ec="52" bec="0" bev="0" fileid="1" />
                <SequencePoint vc="1" uspid="159" ordinal="5" offset="146" sl="306" sc="13" el="306" ec="69" bec="0" bev="0" fileid="1" />
                <SequencePoint vc="1" uspid="160" ordinal="6" offset="164" sl="307" sc="9" el="307" ec="10" bec="0" bev="0" fileid="1" />
              </SequencePoints>
              <BranchPoints />
              <MethodPoint xsi:type="SequencePoint" vc="1" uspid="154" ordinal="0" offset="0" sl="298" sc="9" el="298" ec="10" bec="0" bev="0" fileid="1" />
            </Method>
            <Method visited="true" cyclomaticComplexity="1" nPathComplexity="0" sequenceCoverage="100" branchCoverage="100" crapScore="1" isConstructor="false" isStatic="false" isGetter="false" isSetter="false">
              <Summary numSequencePoints="7" visitedSequencePoints="7" numBranchPoints="1" visitedBranchPoints="1" sequenceCoverage="100" branchCoverage="100" maxCyclomaticComplexity="1" minCyclomaticComplexity="1" maxCrapScore="1" minCrapScore="1" visitedClasses="0" numClasses="0" visitedMethods="1" numMethods="1" />
              <MetadataToken>100663306</MetadataToken>
              <Name>System.Void FamilyTreeTest.PersonaTest::getApellidoMadre()</Name>
              <FileRef uid="1" />
              <SequencePoints>
                <SequencePoint vc="1" uspid="161" ordinal="0" offset="0" sl="311" sc="9" el="311" ec="10" bec="0" bev="0" fileid="1" />
                <SequencePoint vc="1" uspid="162" ordinal="1" offset="1" sl="312" sc="13" el="313" ec="95" bec="0" bev="0" fileid="1" />
                <SequencePoint vc="1" uspid="163" ordinal="2" offset="61" sl="314" sc="13" el="314" ec="52" bec="0" bev="0" fileid="1" />
                <SequencePoint vc="1" uspid="164" ordinal="3" offset="73" sl="316" sc="13" el="317" ec="95" bec="0" bev="0" fileid="1" />
                <SequencePoint vc="1" uspid="165" ordinal="4" offset="133" sl="318" sc="13" el="318" ec="52" bec="0" bev="0" fileid="1" />
                <SequencePoint vc="1" uspid="166" ordinal="5" offset="146" sl="319" sc="13" el="319" ec="74" bec="0" bev="0" fileid="1" />
                <SequencePoint vc="1" uspid="167" ordinal="6" offset="164" sl="320" sc="9" el="320" ec="10" bec="0" bev="0" fileid="1" />
              </SequencePoints>
              <BranchPoints />
              <MethodPoint xsi:type="SequencePoint" vc="1" uspid="161" ordinal="0" offset="0" sl="311" sc="9" el="311" ec="10" bec="0" bev="0" fileid="1" />
            </Method>
            <Method visited="false" cyclomaticComplexity="1" nPathComplexity="0" sequenceCoverage="0" branchCoverage="0" crapScore="2" isConstructor="true" isStatic="false" isGetter="false" isSetter="false">
              <Summary numSequencePoints="0" visitedSequencePoints="0" numBranchPoints="0" visitedBranchPoints="0" sequenceCoverage="0" branchCoverage="0" maxCyclomaticComplexity="1" minCyclomaticComplexity="1" maxCrapScore="2" minCrapScore="2" visitedClasses="0" numClasses="0" visitedMethods="0" numMethods="0" />
              <MetadataToken>100663307</MetadataToken>
              <Name>System.Void FamilyTreeTest.PersonaTest::.ctor()</Name>
              <SequencePoints />
              <BranchPoints />
              <MethodPoint vc="0" uspid="168" ordinal="0" offset="0" />
            </Method>
          </Methods>
        </Class>
      </Classes>
    </Module>
  </Modules>
</CoverageSession>